<?xml version="1.0" encoding="UTF-8"?>
<!-- Generated by org.testng.reporters.JUnitXMLReporter -->
<testsuite ignored="0" hostname="LAPTOP-0J9B465B" failures="0" tests="4" name="Test" time="107.048" errors="0" timestamp="2022-11-30T19:13:44 IST">
  <testcase classname="com.Test.Verify" name="Verify_fields" time="1.389"/>
  <testcase classname="com.Test.Verify" name="verify_Login_functionality" time="2.466"/>
  <testcase classname="com.Test.Verify" name="verify_punching_functionality" time="27.482"/>
  <testcase classname="com.Test.Verify" name="verify_launch_buttons" time="3.583"/>
</testsuite> <!-- Test -->
