<?xml version="1.0" encoding="UTF-8"?>
<testng-results ignored="0" total="4" passed="3" failed="1" skipped="0">
  <reporter-output>
  </reporter-output>
  <suite started-at="2022-12-01T10:46:34 IST" name="Default suite" finished-at="2022-12-01T10:48:36 IST" duration-ms="122007">
    <groups>
    </groups>
    <test started-at="2022-12-01T10:46:34 IST" name="Default test" finished-at="2022-12-01T10:48:36 IST" duration-ms="122007">
      <class name="com.Test.Verify">
        <test-method is-config="true" signature="Setup()[pri:0, instance:com.Test.Verify@1ab3a8c8]" started-at="2022-12-01T10:46:34 IST" name="Setup" finished-at="2022-12-01T10:46:42 IST" duration-ms="8193" status="PASS">
          <reporter-output>
          </reporter-output>
        </test-method> <!-- Setup -->
        <test-method signature="Verify_fields()[pri:0, instance:com.Test.Verify@1ab3a8c8]" started-at="2022-12-01T10:46:42 IST" name="Verify_fields" finished-at="2022-12-01T10:46:43 IST" duration-ms="428" status="PASS">
          <reporter-output>
          </reporter-output>
        </test-method> <!-- Verify_fields -->
        <test-method is-config="true" signature="TearDown()[pri:0, instance:com.Test.Verify@1ab3a8c8]" started-at="2022-12-01T10:46:43 IST" name="TearDown" finished-at="2022-12-01T10:46:48 IST" duration-ms="5076" status="PASS">
          <reporter-output>
          </reporter-output>
        </test-method> <!-- TearDown -->
        <test-method is-config="true" signature="Setup()[pri:0, instance:com.Test.Verify@1ab3a8c8]" started-at="2022-12-01T10:46:48 IST" name="Setup" finished-at="2022-12-01T10:46:54 IST" duration-ms="6368" status="PASS">
          <reporter-output>
          </reporter-output>
        </test-method> <!-- Setup -->
        <test-method signature="verify_Login_functionality()[pri:1, instance:com.Test.Verify@1ab3a8c8]" started-at="2022-12-01T10:46:54 IST" name="verify_Login_functionality" finished-at="2022-12-01T10:46:57 IST" duration-ms="2910" status="PASS">
          <reporter-output>
          </reporter-output>
        </test-method> <!-- verify_Login_functionality -->
        <test-method is-config="true" signature="TearDown()[pri:0, instance:com.Test.Verify@1ab3a8c8]" started-at="2022-12-01T10:46:57 IST" name="TearDown" finished-at="2022-12-01T10:47:19 IST" duration-ms="21269" status="PASS">
          <reporter-output>
          </reporter-output>
        </test-method> <!-- TearDown -->
        <test-method is-config="true" signature="Setup()[pri:0, instance:com.Test.Verify@1ab3a8c8]" started-at="2022-12-01T10:47:19 IST" name="Setup" finished-at="2022-12-01T10:47:25 IST" duration-ms="6635" status="PASS">
          <reporter-output>
          </reporter-output>
        </test-method> <!-- Setup -->
        <test-method signature="verify_punching_functionality()[pri:2, instance:com.Test.Verify@1ab3a8c8]" started-at="2022-12-01T10:47:25 IST" name="verify_punching_functionality" finished-at="2022-12-01T10:48:00 IST" duration-ms="35088" status="FAIL">
          <exception class="org.openqa.selenium.NoSuchElementException">
            <message>
              <![CDATA[no such element: Unable to locate element: {"method":"xpath","selector":"//button[text()=' Out ']"}
  (Session info: chrome=108.0.5359.71)
For documentation on this error, please visit: https://selenium.dev/exceptions/#no_such_element
Build info: version: '4.3.0', revision: 'a4995e2c09*'
System info: host: 'LAPTOP-0J9B465B', ip: '192.168.3.104', os.name: 'Windows 10', os.arch: 'amd64', os.version: '10.0', java.version: '16.0.1'
Driver info: org.openqa.selenium.chrome.ChromeDriver
Command: [9834fa7efc4572f1305d748f9d92c685, findElement {using=xpath, value=//button[text()=' Out ']}]
Capabilities {acceptInsecureCerts: false, browserName: chrome, browserVersion: 108.0.5359.71, chrome: {chromedriverVersion: 107.0.5304.62 (1eec40d3a576..., userDataDir: C:\Users\ONKARR~1\AppData\L...}, goog:chromeOptions: {debuggerAddress: localhost:52030}, networkConnectionEnabled: false, pageLoadStrategy: normal, platformName: WINDOWS, proxy: Proxy(), se:cdp: ws://localhost:52030/devtoo..., se:cdpVersion: 108.0.5359.71, setWindowRect: true, strictFileInteractability: false, timeouts: {implicit: 0, pageLoad: 300000, script: 30000}, unhandledPromptBehavior: dismiss and notify, webauthn:extension:credBlob: true, webauthn:extension:largeBlob: true, webauthn:virtualAuthenticators: true}
Session ID: 9834fa7efc4572f1305d748f9d92c685]]>
            </message>
            <full-stacktrace>
              <![CDATA[org.openqa.selenium.NoSuchElementException: no such element: Unable to locate element: {"method":"xpath","selector":"//button[text()=' Out ']"}
  (Session info: chrome=108.0.5359.71)
For documentation on this error, please visit: https://selenium.dev/exceptions/#no_such_element
Build info: version: '4.3.0', revision: 'a4995e2c09*'
System info: host: 'LAPTOP-0J9B465B', ip: '192.168.3.104', os.name: 'Windows 10', os.arch: 'amd64', os.version: '10.0', java.version: '16.0.1'
Driver info: org.openqa.selenium.chrome.ChromeDriver
Command: [9834fa7efc4572f1305d748f9d92c685, findElement {using=xpath, value=//button[text()=' Out ']}]
Capabilities {acceptInsecureCerts: false, browserName: chrome, browserVersion: 108.0.5359.71, chrome: {chromedriverVersion: 107.0.5304.62 (1eec40d3a576..., userDataDir: C:\Users\ONKARR~1\AppData\L...}, goog:chromeOptions: {debuggerAddress: localhost:52030}, networkConnectionEnabled: false, pageLoadStrategy: normal, platformName: WINDOWS, proxy: Proxy(), se:cdp: ws://localhost:52030/devtoo..., se:cdpVersion: 108.0.5359.71, setWindowRect: true, strictFileInteractability: false, timeouts: {implicit: 0, pageLoad: 300000, script: 30000}, unhandledPromptBehavior: dismiss and notify, webauthn:extension:credBlob: true, webauthn:extension:largeBlob: true, webauthn:virtualAuthenticators: true}
Session ID: 9834fa7efc4572f1305d748f9d92c685
at java.base/jdk.internal.reflect.NativeConstructorAccessorImpl.newInstance0(Native Method)
at java.base/jdk.internal.reflect.NativeConstructorAccessorImpl.newInstance(NativeConstructorAccessorImpl.java:78)
at java.base/jdk.internal.reflect.DelegatingConstructorAccessorImpl.newInstance(DelegatingConstructorAccessorImpl.java:45)
at java.base/java.lang.reflect.Constructor.newInstanceWithCaller(Constructor.java:499)
at java.base/java.lang.reflect.Constructor.newInstance(Constructor.java:480)
at org.openqa.selenium.remote.codec.w3c.W3CHttpResponseCodec.createException(W3CHttpResponseCodec.java:200)
at org.openqa.selenium.remote.codec.w3c.W3CHttpResponseCodec.decode(W3CHttpResponseCodec.java:133)
at org.openqa.selenium.remote.codec.w3c.W3CHttpResponseCodec.decode(W3CHttpResponseCodec.java:53)
at org.openqa.selenium.remote.HttpCommandExecutor.execute(HttpCommandExecutor.java:184)
at org.openqa.selenium.remote.service.DriverCommandExecutor.invokeExecute(DriverCommandExecutor.java:167)
at org.openqa.selenium.remote.service.DriverCommandExecutor.execute(DriverCommandExecutor.java:142)
at org.openqa.selenium.remote.RemoteWebDriver.execute(RemoteWebDriver.java:569)
at org.openqa.selenium.remote.ElementLocation$ElementFinder$2.findElement(ElementLocation.java:162)
at org.openqa.selenium.remote.ElementLocation.findElement(ElementLocation.java:60)
at org.openqa.selenium.remote.RemoteWebDriver.findElement(RemoteWebDriver.java:387)
at org.openqa.selenium.remote.RemoteWebDriver.findElement(RemoteWebDriver.java:379)
at com.Test.Verify.verify_punching_functionality(Verify.java:149)
at java.base/jdk.internal.reflect.NativeMethodAccessorImpl.invoke0(Native Method)
at java.base/jdk.internal.reflect.NativeMethodAccessorImpl.invoke(NativeMethodAccessorImpl.java:78)
at java.base/jdk.internal.reflect.DelegatingMethodAccessorImpl.invoke(DelegatingMethodAccessorImpl.java:43)
at java.base/java.lang.reflect.Method.invoke(Method.java:567)
at org.testng.internal.MethodInvocationHelper.invokeMethod(MethodInvocationHelper.java:133)
at org.testng.internal.TestInvoker.invokeMethod(TestInvoker.java:598)
at org.testng.internal.TestInvoker.invokeTestMethod(TestInvoker.java:173)
at org.testng.internal.MethodRunner.runInSequence(MethodRunner.java:46)
at org.testng.internal.TestInvoker$MethodInvocationAgent.invoke(TestInvoker.java:824)
at org.testng.internal.TestInvoker.invokeTestMethods(TestInvoker.java:146)
at org.testng.internal.TestMethodWorker.invokeTestMethods(TestMethodWorker.java:146)
at org.testng.internal.TestMethodWorker.run(TestMethodWorker.java:128)
at java.base/java.util.ArrayList.forEach(ArrayList.java:1511)
at org.testng.TestRunner.privateRun(TestRunner.java:794)
at org.testng.TestRunner.run(TestRunner.java:596)
at org.testng.SuiteRunner.runTest(SuiteRunner.java:377)
at org.testng.SuiteRunner.runSequentially(SuiteRunner.java:371)
at org.testng.SuiteRunner.privateRun(SuiteRunner.java:332)
at org.testng.SuiteRunner.run(SuiteRunner.java:276)
at org.testng.SuiteRunnerWorker.runSuite(SuiteRunnerWorker.java:53)
at org.testng.SuiteRunnerWorker.run(SuiteRunnerWorker.java:96)
at org.testng.TestNG.runSuitesSequentially(TestNG.java:1212)
at org.testng.TestNG.runSuitesLocally(TestNG.java:1134)
at org.testng.TestNG.runSuites(TestNG.java:1063)
at org.testng.TestNG.run(TestNG.java:1031)
at org.testng.remote.AbstractRemoteTestNG.run(AbstractRemoteTestNG.java:115)
at org.testng.remote.RemoteTestNG.initAndRun(RemoteTestNG.java:251)
at org.testng.remote.RemoteTestNG.main(RemoteTestNG.java:77)
]]>
            </full-stacktrace>
          </exception> <!-- org.openqa.selenium.NoSuchElementException -->
          <reporter-output>
          </reporter-output>
        </test-method> <!-- verify_punching_functionality -->
        <test-method is-config="true" signature="TearDown()[pri:0, instance:com.Test.Verify@1ab3a8c8]" started-at="2022-12-01T10:48:00 IST" name="TearDown" finished-at="2022-12-01T10:48:22 IST" duration-ms="21262" status="PASS">
          <reporter-output>
          </reporter-output>
        </test-method> <!-- TearDown -->
        <test-method is-config="true" signature="Setup()[pri:0, instance:com.Test.Verify@1ab3a8c8]" started-at="2022-12-01T10:48:22 IST" name="Setup" finished-at="2022-12-01T10:48:28 IST" duration-ms="6464" status="PASS">
          <reporter-output>
          </reporter-output>
        </test-method> <!-- Setup -->
        <test-method signature="verify_launch_buttons()[pri:4, instance:com.Test.Verify@1ab3a8c8]" started-at="2022-12-01T10:48:28 IST" name="verify_launch_buttons" finished-at="2022-12-01T10:48:31 IST" duration-ms="3187" status="PASS">
          <reporter-output>
          </reporter-output>
        </test-method> <!-- verify_launch_buttons -->
        <test-method is-config="true" signature="TearDown()[pri:0, instance:com.Test.Verify@1ab3a8c8]" started-at="2022-12-01T10:48:31 IST" name="TearDown" finished-at="2022-12-01T10:48:36 IST" duration-ms="5075" status="PASS">
          <reporter-output>
          </reporter-output>
        </test-method> <!-- TearDown -->
      </class> <!-- com.Test.Verify -->
    </test> <!-- Default test -->
  </suite> <!-- Default suite -->
</testng-results>
